\BOOKMARK [1][-]{section.1}{\376\377\000C\000o\000n\000v\000o\000l\000u\000t\000i\000o\000n\000a\000l\000\040\000N\000e\000u\000r\000a\000l\000\040\000N\000e\000t\000w\000o\000r\000k}{}% 1
\BOOKMARK [1][-]{section.2}{\376\377\000C\000N\000N\000\040\000T\000r\000a\000i\000n\000i\000n\000g}{}% 2
\BOOKMARK [2][-]{subsection.2.1}{\376\377\000D\000a\000t\000a\000\040\000P\000r\000e\000p\000a\000r\000a\000t\000i\000o\000n}{section.2}% 3
\BOOKMARK [2][-]{subsection.2.2}{\376\377\000W\000e\000i\000g\000h\000t\000\040\000I\000n\000i\000t\000i\000a\000l\000i\000z\000a\000t\000i\000o\000n}{section.2}% 4
\BOOKMARK [2][-]{subsection.2.3}{\376\377\000S\000t\000a\000r\000t\000\040\000O\000p\000t\000i\000m\000i\000z\000a\000t\000i\000o\000n}{section.2}% 5
\BOOKMARK [2][-]{subsection.2.4}{\376\377\000L\000e\000a\000r\000n\000i\000n\000g\000\040\000R\000a\000t\000e\000\040\000S\000c\000h\000e\000d\000u\000l\000e}{section.2}% 6
\BOOKMARK [1][-]{section.3}{\376\377\000I\000m\000p\000r\000o\000v\000i\000n\000g\000\040\000C\000N\000N\000\040\000T\000r\000a\000i\000n\000i\000n\000g}{}% 7
\BOOKMARK [2][-]{subsection.3.1}{\376\377\000U\000n\000d\000e\000r\000f\000i\000t\000t\000i\000n\000g}{section.3}% 8
\BOOKMARK [3][-]{subsubsection.3.1.1}{\376\377\000B\000a\000t\000c\000h\000\040\000N\000o\000r\000m\000a\000l\000i\000z\000a\000t\000i\000o\000n}{subsection.3.1}% 9
\BOOKMARK [3][-]{subsubsection.3.1.2}{\376\377\000R\000e\000s\000N\000e\000t\000\040\000o\000r\000\040\000S\000k\000i\000p\000\040\000L\000i\000n\000k\000s}{subsection.3.1}% 10
\BOOKMARK [2][-]{subsection.3.2}{\376\377\000O\000v\000e\000r\000f\000i\000t\000t\000i\000n\000g}{section.3}% 11
\BOOKMARK [3][-]{subsubsection.3.2.1}{\376\377\000D\000a\000t\000a\000\040\000A\000u\000g\000m\000e\000n\000t\000a\000t\000i\000o\000n}{subsection.3.2}% 12
\BOOKMARK [3][-]{subsubsection.3.2.2}{\376\377\000R\000e\000g\000u\000l\000a\000r\000i\000z\000a\000t\000i\000o\000n}{subsection.3.2}% 13
\BOOKMARK [3][-]{subsubsection.3.2.3}{\376\377\000D\000r\000o\000p\000o\000u\000t}{subsection.3.2}% 14
\BOOKMARK [3][-]{subsubsection.3.2.4}{\376\377\000B\000a\000t\000c\000h\000N\000o\000r\000m\117\134\116\072\153\143\122\031\123\026}{subsection.3.2}% 15
\BOOKMARK [2][-]{subsection.3.3}{\376\377\000S\000u\000m\000m\000a\000r\000y\000\040\000o\000f\000\040\000M\000i\000t\000i\000g\000a\000t\000i\000n\000g\000\040\000O\000v\000e\000r\000f\000i\000t\000t\000i\000n\000g}{section.3}% 16
\BOOKMARK [1][-]{section.4}{\376\377\000C\000l\000a\000s\000s\000i\000f\000i\000c\000a\000t\000i\000o\000n}{}% 17
\BOOKMARK [2][-]{subsection.4.1}{\376\377\000N\000e\000a\000r\000e\000s\000t\000\040\000N\000e\000i\000g\000h\000b\000o\000u\000r\000\040\000C\000l\000a\000s\000s\000i\000f\000i\000e\000r}{section.4}% 18
\BOOKMARK [2][-]{subsection.4.2}{\376\377\000U\000s\000i\000n\000g\000\040\000C\000N\000N\000\040\000f\000o\000r\000\040\000i\000m\000a\000g\000e\000\040\000C\000l\000a\000s\000s\000i\000f\000i\000c\000a\000t\000i\000o\000n}{section.4}% 19
\BOOKMARK [3][-]{subsubsection.4.2.1}{\376\377\000S\000o\000f\000t\000M\000a\000x}{subsection.4.2}% 20
\BOOKMARK [1][-]{section.5}{\376\377\000C\000N\000N\000s\000\040\000f\000o\000r\000\040\000I\000m\000a\000g\000e\000\040\000C\000l\000a\000s\000s\000i\000f\000i\000c\000a\000t\000i\000o\000n}{}% 21
\BOOKMARK [2][-]{subsection.5.1}{\376\377\000R\000e\000c\000e\000p\000t\000i\000o\000n\000\040\000F\000i\000e\000l\000d}{section.5}% 22
\BOOKMARK [1][-]{section.6}{\376\377\000S\000e\000g\000m\000e\000n\000t\000a\000t\000i\000o\000n}{}% 23
\BOOKMARK [1][-]{section.7}{\376\377\0003\000D\000\040\000V\000i\000s\000i\000o\000n}{}% 24
\BOOKMARK [2][-]{subsection.7.1}{\376\377\000I\000n\000t\000r\000i\000n\000s\000i\000c\000s}{section.7}% 25
\BOOKMARK [2][-]{subsection.7.2}{\376\377\000E\000x\000t\000i\000n\000s\000i\000c\000s}{section.7}% 26
\BOOKMARK [2][-]{subsection.7.3}{\376\377\000w\000e\000a\000k\000\040\000p\000e\000r\000s\000p\000e\000c\000t\000i\000v\000e}{section.7}% 27
\BOOKMARK [1][-]{section.8}{\376\377\000C\000a\000m\000e\000r\000a\000\040\000C\000a\000l\000i\000b\000r\000a\000t\000i\000o\000n}{}% 28
\BOOKMARK [1][-]{section.9}{\376\377\000S\000i\000n\000g\000l\000e\000\040\000V\000i\000e\000w\000\040\000G\000e\000o\000m\000e\000t\000r\000y}{}% 29
\BOOKMARK [2][-]{subsection.9.1}{\376\377\000T\000r\000a\000n\000s\000f\000o\000r\000m\000a\000t\000i\000o\000n\000\040\000i\000n\000\040\000R\0002}{section.9}% 30
\BOOKMARK [2][-]{subsection.9.2}{\376\377\000V\000a\000n\000i\000s\000h\000i\000n\000g\000\040\000P\000o\000i\000n\000t\000s}{section.9}% 31
\BOOKMARK [1][-]{section.10}{\376\377\000E\000p\000i\000p\000o\000l\000a\000r\000\040\000G\000e\000o\000m\000e\000t\000r\000y}{}% 32
\BOOKMARK [2][-]{subsection.10.1}{\376\377\000E\000p\000i\000p\000o\000l\000a\000r\000\040\000C\000o\000n\000s\000t\000r\000a\000i\000n}{section.10}% 33
\BOOKMARK [1][-]{section.11}{\376\377\0003\000D\000\040\000d\000a\000t\000a}{}% 34
\BOOKMARK [2][-]{subsection.11.1}{\376\377\000M\000e\000s\000h}{section.11}% 35
\BOOKMARK [2][-]{subsection.11.2}{\376\377\000P\000o\000i\000n\000t\000\040\000C\000l\000o\000u\000d}{section.11}% 36
\BOOKMARK [2][-]{subsection.11.3}{\376\377\000I\000m\000p\000l\000i\000c\000i\000t\000\040\000S\000h\000a\000p\000e}{section.11}% 37
\BOOKMARK [1][-]{section.12}{\376\377\0003\000D\000\040\000D\000e\000e\000p\000\040\000L\000e\000a\000r\000n\000i\000n\000g}{}% 38
\BOOKMARK [1][-]{section.13}{\376\377\000O\000b\000j\000e\000c\000t\000\040\000D\000e\000t\000e\000c\000t\000i\000o\000n\000\040\000a\000n\000d\000\040\000I\000n\000s\000t\000a\000n\000c\000e\000\040\000S\000e\000g\000m\000e\000n\000t\000a\000t\000i\000o\000n}{}% 39
\BOOKMARK [2][-]{subsection.13.1}{\376\377\116\373\122\241\173\200\116\313}{section.13}% 40
\BOOKMARK [2][-]{subsection.13.2}{\376\377\000R\000e\000g\000i\000o\000n\000-\000b\000a\000s\000e\000d\000\040\000C\000N\000N}{section.13}% 41
\BOOKMARK [2][-]{subsection.13.3}{\376\377\000F\000a\000s\000t\000\040\000R\000-\000C\000N\000N}{section.13}% 42
\BOOKMARK [2][-]{subsection.13.4}{\376\377\000F\000a\000s\000t\000e\000r\000\040\000R\000-\000C\000N\000N}{section.13}% 43
\BOOKMARK [2][-]{subsection.13.5}{\376\377\000t\000w\000o\000-\000s\000t\000a\000g\000e\000\040\000d\000e\000t\000e\000c\000t\000o\000r\000\040\000a\000n\000d\000\040\000o\000n\000e\000-\000s\000t\000a\000g\000e\000\040\000d\000e\000t\000e\000c\000t\000o\000r}{section.13}% 44
\BOOKMARK [2][-]{subsection.13.6}{\376\377\000E\000v\000a\000l\000u\000a\000t\000i\000o\000n\000\040\000M\000e\000t\000r\000i\000c\000:\000\040\000m\000A\000P}{section.13}% 45
\BOOKMARK [1][-]{section.14}{\376\377\000I\000n\000s\000t\000a\000n\000c\000e\000\040\000S\000e\000g\000m\000e\000n\000t\000a\000t\000i\000o\000n}{}% 46
\BOOKMARK [2][-]{subsection.14.1}{\376\377\000M\000a\000s\000k\000\040\000R\000-\000C\000N\000N}{section.14}% 47
\BOOKMARK [2][-]{subsection.14.2}{\376\377\0003\000D\000\040\000O\000b\000j\000e\000c\000t\000\040\000D\000e\000t\000e\000c\000t\000i\000o\000n\000\040\000a\000n\000d\000\040\000I\000n\000s\000t\000a\000n\000c\000e\000\040\000S\000e\000g\000m\000e\000n\000t\000a\000i\000t\000o\000n}{section.14}% 48
\BOOKMARK [1][-]{section.15}{\376\377\000P\000o\000s\000e\000\040\000a\000n\000d\000\040\000M\000o\000t\000i\000o\000n}{}% 49
\BOOKMARK [2][-]{subsection.15.1}{\376\377\000B\000e\000y\000o\000n\000d\000\040\000D\000e\000t\000e\000c\000t\000i\000o\000n\000:\000\040\000P\000o\000s\000e}{section.15}% 50
\BOOKMARK [2][-]{subsection.15.2}{\376\377\000E\000u\000l\000e\000r\000\040\000A\000n\000g\000l\000e}{section.15}% 51
\BOOKMARK [2][-]{subsection.15.3}{\376\377\000A\000x\000i\000s\000\040\000A\000n\000g\000l\000e}{section.15}% 52
\BOOKMARK [2][-]{subsection.15.4}{\376\377\000Q\000u\000a\000t\000e\000r\000n\000i\000o\000n}{section.15}% 53
\BOOKMARK [1][-]{section.16}{\376\377\000I\000n\000s\000t\000a\000n\000c\000e\000-\000L\000e\000v\000e\000l\000\040\0006\000D\000\040\000O\000b\000j\000e\000c\000t\000\040\000P\000o\000s\000e\000\040\000E\000s\000t\000i\000m\000a\000t\000i\000o\000n}{}% 54
\BOOKMARK [2][-]{subsection.16.1}{\376\377\000B\000e\000y\000o\000n\000d\000\040\000O\000b\000j\000e\000c\000t\000\040\000P\000o\000s\000e}{section.16}% 55
\BOOKMARK [1][-]{section.17}{\376\377\000M\000o\000t\000i\000o\000n}{}% 56
\BOOKMARK [1][-]{section.18}{\376\377\000R\000N\000N}{}% 57
\BOOKMARK [2][-]{subsection.18.1}{\376\377\000C\000h\000a\000r\000a\000c\000e\000r\000-\000L\000e\000v\000e\000l\000\040\000L\000a\000n\000g\000u\000a\000g\000e\000\040\000M\000o\000d\000e\000l}{section.18}% 58
\BOOKMARK [2][-]{subsection.18.2}{\376\377\000V\000a\000n\000i\000l\000l\000a\000\040\000R\000N\000N\000\040\000G\000r\000a\000d\000i\000e\000n\000t\000\040\000F\000l\000o\000w}{section.18}% 59
\BOOKMARK [2][-]{subsection.18.3}{\376\377\000L\000S\000T\000M}{section.18}% 60
\BOOKMARK [1][-]{section.19}{\376\377\000V\000i\000d\000e\000o\000\040\000a\000n\000a\000l\000y\000s\000i\000s}{}% 61
\BOOKMARK [1][-]{section.20}{\376\377\000G\000e\000n\000e\000r\000a\000t\000i\000v\000e\000\040\000M\000o\000d\000e\000l\000s}{}% 62
\BOOKMARK [2][-]{subsection.20.1}{\376\377\000A\000p\000p\000r\000o\000x\000i\000m\000a\000t\000e\000\040\000d\000e\000n\000s\000i\000t\000y\000:\000V\000a\000r\000i\000a\000t\000i\000o\000n\000a\000l\000\040\000A\000u\000t\000o\000e\000n\000c\000o\000d\000e\000r}{section.20}% 63
\BOOKMARK [2][-]{subsection.20.2}{\376\377\221\315\133\146\000V\000A\000E}{section.20}% 64
\BOOKMARK [2][-]{subsection.20.3}{\376\377\000V\000A\000E}{section.20}% 65
\BOOKMARK [3][-]{subsubsection.20.3.1}{\376\377\000E\000L\000B\000O}{subsection.20.3}% 66
\BOOKMARK [1][-]{section.21}{\376\377\000G\000A\000N}{}% 67
\BOOKMARK [1][-]{appendix.A}{\376\377\000C\000o\000n\000d\000i\000t\000i\000o\000n\000\040\000N\000u\000m\000b\000e\000r}{}% 68
\BOOKMARK [1][-]{appendix.B}{\376\377\000T\000r\000a\000n\000s\000f\000r\000o\000m\000a\000t\000i\000o\000n\000\040\000i\000n\000\040\000R\000n}{}% 69
\BOOKMARK [1][-]{appendix.C}{\376\377\000D\000O\000F\000\040\000a\000n\000d\000\040\000r\000a\000n\000k\000\040\000i\000n\000\040\000e\000s\000s\000e\000n\000t\000i\000a\000l\000\040\000m\000a\000t\000r\000i\000x\000\040\000a\000n\000d\000\040\000f\000u\000n\000d\000a\000m\000e\000n\000t\000a\000l\000\040\000m\000a\000t\000r\000i\000x}{}% 70
\BOOKMARK [1][-]{appendix.D}{\376\377\000Q\000R\000\040\000D\000e\000c\000o\000m\000p\000o\000s\000i\000t\000i\000o\000n}{}% 71
